{"/home/nisgia/Desktop/testing/1.Capitalize/capitalize.js": {"path":"/home/nisgia/Desktop/testing/1.Capitalize/capitalize.js","all":false,"statementMap":{"0":{"start":{"line":1,"column":0},"end":{"line":1,"column":29}},"1":{"start":{"line":2,"column":0},"end":{"line":2,"column":60}},"2":{"start":{"line":3,"column":0},"end":{"line":3,"column":1}},"3":{"start":{"line":4,"column":0},"end":{"line":4,"column":0}},"4":{"start":{"line":5,"column":0},"end":{"line":5,"column":28}}},"s":{"0":1,"1":1,"2":1,"3":1,"4":1},"branchMap":{"0":{"type":"branch","line":1,"loc":{"start":{"line":1,"column":0},"end":{"line":3,"column":1}},"locations":[{"start":{"line":1,"column":0},"end":{"line":3,"column":1}}]}},"b":{"0":[1]},"fnMap":{"0":{"name":"capitalize","decl":{"start":{"line":1,"column":0},"end":{"line":3,"column":1}},"loc":{"start":{"line":1,"column":0},"end":{"line":3,"column":1}},"line":1}},"f":{"0":1}}
,"/home/nisgia/Desktop/testing/2.Reverse String/reverseString.js": {"path":"/home/nisgia/Desktop/testing/2.Reverse String/reverseString.js","all":false,"statementMap":{"0":{"start":{"line":1,"column":0},"end":{"line":1,"column":32}},"1":{"start":{"line":2,"column":0},"end":{"line":2,"column":47}},"2":{"start":{"line":3,"column":0},"end":{"line":3,"column":1}},"3":{"start":{"line":4,"column":0},"end":{"line":4,"column":0}},"4":{"start":{"line":5,"column":0},"end":{"line":5,"column":31}}},"s":{"0":1,"1":1,"2":1,"3":1,"4":1},"branchMap":{"0":{"type":"branch","line":1,"loc":{"start":{"line":1,"column":0},"end":{"line":3,"column":1}},"locations":[{"start":{"line":1,"column":0},"end":{"line":3,"column":1}}]}},"b":{"0":[1]},"fnMap":{"0":{"name":"reverseString","decl":{"start":{"line":1,"column":0},"end":{"line":3,"column":1}},"loc":{"start":{"line":1,"column":0},"end":{"line":3,"column":1}},"line":1}},"f":{"0":1}}
,"/home/nisgia/Desktop/testing/3.Calculator/calculator.js": {"path":"/home/nisgia/Desktop/testing/3.Calculator/calculator.js","all":false,"statementMap":{"0":{"start":{"line":1,"column":0},"end":{"line":1,"column":27}},"1":{"start":{"line":2,"column":0},"end":{"line":2,"column":12}},"2":{"start":{"line":3,"column":0},"end":{"line":3,"column":29}},"3":{"start":{"line":4,"column":0},"end":{"line":4,"column":25}},"4":{"start":{"line":5,"column":0},"end":{"line":5,"column":10}},"5":{"start":{"line":6,"column":0},"end":{"line":6,"column":29}},"6":{"start":{"line":7,"column":0},"end":{"line":7,"column":25}},"7":{"start":{"line":8,"column":0},"end":{"line":8,"column":10}},"8":{"start":{"line":9,"column":0},"end":{"line":9,"column":29}},"9":{"start":{"line":10,"column":0},"end":{"line":10,"column":25}},"10":{"start":{"line":11,"column":0},"end":{"line":11,"column":10}},"11":{"start":{"line":12,"column":0},"end":{"line":12,"column":29}},"12":{"start":{"line":13,"column":0},"end":{"line":13,"column":25}},"13":{"start":{"line":14,"column":0},"end":{"line":14,"column":9}},"14":{"start":{"line":15,"column":0},"end":{"line":15,"column":6}},"15":{"start":{"line":16,"column":0},"end":{"line":16,"column":1}},"16":{"start":{"line":17,"column":0},"end":{"line":17,"column":0}},"17":{"start":{"line":18,"column":0},"end":{"line":18,"column":28}}},"s":{"0":1,"1":1,"2":1,"3":1,"4":1,"5":1,"6":1,"7":1,"8":1,"9":1,"10":1,"11":1,"12":1,"13":1,"14":1,"15":1,"16":1,"17":1},"branchMap":{"0":{"type":"branch","line":1,"loc":{"start":{"line":1,"column":0},"end":{"line":16,"column":1}},"locations":[{"start":{"line":1,"column":0},"end":{"line":16,"column":1}}]},"1":{"type":"branch","line":3,"loc":{"start":{"line":3,"column":13},"end":{"line":5,"column":9}},"locations":[{"start":{"line":3,"column":13},"end":{"line":5,"column":9}}]},"2":{"type":"branch","line":6,"loc":{"start":{"line":6,"column":13},"end":{"line":8,"column":9}},"locations":[{"start":{"line":6,"column":13},"end":{"line":8,"column":9}}]},"3":{"type":"branch","line":9,"loc":{"start":{"line":9,"column":13},"end":{"line":11,"column":9}},"locations":[{"start":{"line":9,"column":13},"end":{"line":11,"column":9}}]},"4":{"type":"branch","line":12,"loc":{"start":{"line":12,"column":13},"end":{"line":14,"column":9}},"locations":[{"start":{"line":12,"column":13},"end":{"line":14,"column":9}}]}},"b":{"0":[1],"1":[1],"2":[1],"3":[1],"4":[1]},"fnMap":{"0":{"name":"calculator","decl":{"start":{"line":1,"column":0},"end":{"line":16,"column":1}},"loc":{"start":{"line":1,"column":0},"end":{"line":16,"column":1}},"line":1},"1":{"name":"add","decl":{"start":{"line":3,"column":13},"end":{"line":5,"column":9}},"loc":{"start":{"line":3,"column":13},"end":{"line":5,"column":9}},"line":3},"2":{"name":"sub","decl":{"start":{"line":6,"column":13},"end":{"line":8,"column":9}},"loc":{"start":{"line":6,"column":13},"end":{"line":8,"column":9}},"line":6},"3":{"name":"div","decl":{"start":{"line":9,"column":13},"end":{"line":11,"column":9}},"loc":{"start":{"line":9,"column":13},"end":{"line":11,"column":9}},"line":9},"4":{"name":"mul","decl":{"start":{"line":12,"column":13},"end":{"line":14,"column":9}},"loc":{"start":{"line":12,"column":13},"end":{"line":14,"column":9}},"line":12}},"f":{"0":1,"1":1,"2":1,"3":1,"4":1}}
,"/home/nisgia/Desktop/testing/4.Caesar Cipher/ceasarCipher.js": {"path":"/home/nisgia/Desktop/testing/4.Caesar Cipher/ceasarCipher.js","all":false,"statementMap":{"0":{"start":{"line":1,"column":0},"end":{"line":1,"column":39}},"1":{"start":{"line":2,"column":0},"end":{"line":2,"column":20}},"2":{"start":{"line":3,"column":0},"end":{"line":3,"column":4}},"3":{"start":{"line":4,"column":0},"end":{"line":4,"column":46}},"4":{"start":{"line":5,"column":0},"end":{"line":5,"column":28}},"5":{"start":{"line":6,"column":0},"end":{"line":6,"column":6}},"6":{"start":{"line":7,"column":0},"end":{"line":7,"column":33}},"7":{"start":{"line":8,"column":0},"end":{"line":8,"column":43}},"8":{"start":{"line":9,"column":0},"end":{"line":9,"column":8}},"9":{"start":{"line":10,"column":0},"end":{"line":10,"column":39}},"10":{"start":{"line":11,"column":0},"end":{"line":11,"column":70}},"11":{"start":{"line":12,"column":0},"end":{"line":12,"column":47}},"12":{"start":{"line":13,"column":0},"end":{"line":13,"column":70}},"13":{"start":{"line":14,"column":0},"end":{"line":14,"column":9}},"14":{"start":{"line":15,"column":0},"end":{"line":15,"column":7}},"15":{"start":{"line":16,"column":0},"end":{"line":16,"column":6}},"16":{"start":{"line":17,"column":0},"end":{"line":17,"column":21}},"17":{"start":{"line":18,"column":0},"end":{"line":18,"column":5}},"18":{"start":{"line":19,"column":0},"end":{"line":19,"column":4}},"19":{"start":{"line":20,"column":0},"end":{"line":20,"column":18}},"20":{"start":{"line":21,"column":0},"end":{"line":21,"column":3}},"21":{"start":{"line":22,"column":0},"end":{"line":22,"column":0}},"22":{"start":{"line":23,"column":0},"end":{"line":23,"column":32}}},"s":{"0":3,"1":3,"2":3,"3":3,"4":21,"5":21,"6":21,"7":18,"8":18,"9":18,"10":5,"11":18,"12":13,"13":13,"14":18,"15":21,"16":21,"17":21,"18":3,"19":3,"20":3,"21":1,"22":1},"branchMap":{"0":{"type":"branch","line":1,"loc":{"start":{"line":1,"column":0},"end":{"line":21,"column":3}},"locations":[{"start":{"line":1,"column":0},"end":{"line":21,"column":3}}]},"1":{"type":"branch","line":4,"loc":{"start":{"line":4,"column":45},"end":{"line":18,"column":5}},"locations":[{"start":{"line":4,"column":45},"end":{"line":18,"column":5}}]},"2":{"type":"branch","line":7,"loc":{"start":{"line":7,"column":32},"end":{"line":15,"column":7}},"locations":[{"start":{"line":7,"column":32},"end":{"line":15,"column":7}}]},"3":{"type":"branch","line":10,"loc":{"start":{"line":10,"column":38},"end":{"line":12,"column":9}},"locations":[{"start":{"line":10,"column":38},"end":{"line":12,"column":9}}]},"4":{"type":"branch","line":12,"loc":{"start":{"line":12,"column":9},"end":{"line":14,"column":9}},"locations":[{"start":{"line":12,"column":9},"end":{"line":14,"column":9}}]}},"b":{"0":[3],"1":[21],"2":[18],"3":[5],"4":[13]},"fnMap":{"0":{"name":"caesarCipher","decl":{"start":{"line":1,"column":0},"end":{"line":21,"column":3}},"loc":{"start":{"line":1,"column":0},"end":{"line":21,"column":3}},"line":1}},"f":{"0":3}}
,"/home/nisgia/Desktop/testing/5.Analyze Array/analyzeArray.js": {"path":"/home/nisgia/Desktop/testing/5.Analyze Array/analyzeArray.js","all":false,"statementMap":{"0":{"start":{"line":1,"column":0},"end":{"line":1,"column":28}},"1":{"start":{"line":2,"column":0},"end":{"line":2,"column":12}},"2":{"start":{"line":3,"column":0},"end":{"line":3,"column":20}},"3":{"start":{"line":4,"column":0},"end":{"line":4,"column":63}},"4":{"start":{"line":5,"column":0},"end":{"line":5,"column":36}},"5":{"start":{"line":6,"column":0},"end":{"line":6,"column":10}},"6":{"start":{"line":7,"column":0},"end":{"line":7,"column":20}},"7":{"start":{"line":8,"column":0},"end":{"line":8,"column":36}},"8":{"start":{"line":9,"column":0},"end":{"line":9,"column":10}},"9":{"start":{"line":10,"column":0},"end":{"line":10,"column":20}},"10":{"start":{"line":11,"column":0},"end":{"line":11,"column":36}},"11":{"start":{"line":12,"column":0},"end":{"line":12,"column":10}},"12":{"start":{"line":13,"column":0},"end":{"line":13,"column":20}},"13":{"start":{"line":14,"column":0},"end":{"line":14,"column":30}},"14":{"start":{"line":15,"column":0},"end":{"line":15,"column":9}},"15":{"start":{"line":16,"column":0},"end":{"line":16,"column":6}},"16":{"start":{"line":17,"column":0},"end":{"line":17,"column":1}},"17":{"start":{"line":18,"column":0},"end":{"line":18,"column":0}},"18":{"start":{"line":19,"column":0},"end":{"line":19,"column":30}}},"s":{"0":1,"1":1,"2":1,"3":1,"4":1,"5":1,"6":1,"7":1,"8":1,"9":1,"10":1,"11":1,"12":1,"13":1,"14":1,"15":1,"16":1,"17":1,"18":1},"branchMap":{"0":{"type":"branch","line":1,"loc":{"start":{"line":1,"column":0},"end":{"line":17,"column":1}},"locations":[{"start":{"line":1,"column":0},"end":{"line":17,"column":1}}]},"1":{"type":"branch","line":3,"loc":{"start":{"line":3,"column":13},"end":{"line":6,"column":9}},"locations":[{"start":{"line":3,"column":13},"end":{"line":6,"column":9}}]},"2":{"type":"branch","line":4,"loc":{"start":{"line":4,"column":35},"end":{"line":4,"column":58}},"locations":[{"start":{"line":4,"column":35},"end":{"line":4,"column":58}}]},"3":{"type":"branch","line":7,"loc":{"start":{"line":7,"column":13},"end":{"line":9,"column":9}},"locations":[{"start":{"line":7,"column":13},"end":{"line":9,"column":9}}]},"4":{"type":"branch","line":10,"loc":{"start":{"line":10,"column":13},"end":{"line":12,"column":9}},"locations":[{"start":{"line":10,"column":13},"end":{"line":12,"column":9}}]},"5":{"type":"branch","line":13,"loc":{"start":{"line":13,"column":13},"end":{"line":15,"column":9}},"locations":[{"start":{"line":13,"column":13},"end":{"line":15,"column":9}}]}},"b":{"0":[1],"1":[1],"2":[6],"3":[1],"4":[1],"5":[1]},"fnMap":{"0":{"name":"analyzeArray","decl":{"start":{"line":1,"column":0},"end":{"line":17,"column":1}},"loc":{"start":{"line":1,"column":0},"end":{"line":17,"column":1}},"line":1},"1":{"name":"avg","decl":{"start":{"line":3,"column":13},"end":{"line":6,"column":9}},"loc":{"start":{"line":3,"column":13},"end":{"line":6,"column":9}},"line":3},"2":{"name":"min","decl":{"start":{"line":7,"column":13},"end":{"line":9,"column":9}},"loc":{"start":{"line":7,"column":13},"end":{"line":9,"column":9}},"line":7},"3":{"name":"max","decl":{"start":{"line":10,"column":13},"end":{"line":12,"column":9}},"loc":{"start":{"line":10,"column":13},"end":{"line":12,"column":9}},"line":10},"4":{"name":"len","decl":{"start":{"line":13,"column":13},"end":{"line":15,"column":9}},"loc":{"start":{"line":13,"column":13},"end":{"line":15,"column":9}},"line":13}},"f":{"0":1,"1":1,"2":1,"3":1,"4":1}}
}
