TN:
SF:1.Capitalize/capitalize.js
FN:1,capitalize
FNF:1
FNH:1
FNDA:1,capitalize
DA:1,1
DA:2,1
DA:3,1
DA:4,1
DA:5,1
LF:5
LH:5
BRDA:1,0,0,1
BRF:1
BRH:1
end_of_record
TN:
SF:2.Reverse String/reverseString.js
FN:1,reverseString
FNF:1
FNH:1
FNDA:1,reverseString
DA:1,1
DA:2,1
DA:3,1
DA:4,1
DA:5,1
LF:5
LH:5
BRDA:1,0,0,1
BRF:1
BRH:1
end_of_record
TN:
SF:3.Calculator/calculator.js
FN:1,calculator
FN:3,add
FN:6,sub
FN:9,div
FN:12,mul
FNF:5
FNH:5
FNDA:1,calculator
FNDA:1,add
FNDA:1,sub
FNDA:1,div
FNDA:1,mul
DA:1,1
DA:2,1
DA:3,1
DA:4,1
DA:5,1
DA:6,1
DA:7,1
DA:8,1
DA:9,1
DA:10,1
DA:11,1
DA:12,1
DA:13,1
DA:14,1
DA:15,1
DA:16,1
DA:17,1
DA:18,1
LF:18
LH:18
BRDA:1,0,0,1
BRDA:3,1,0,1
BRDA:6,2,0,1
BRDA:9,3,0,1
BRDA:12,4,0,1
BRF:5
BRH:5
end_of_record
TN:
SF:4.Caesar Cipher/ceasarCipher.js
FN:1,caesarCipher
FNF:1
FNH:1
FNDA:3,caesarCipher
DA:1,3
DA:2,3
DA:3,3
DA:4,3
DA:5,21
DA:6,21
DA:7,21
DA:8,18
DA:9,18
DA:10,18
DA:11,5
DA:12,18
DA:13,13
DA:14,13
DA:15,18
DA:16,21
DA:17,21
DA:18,21
DA:19,3
DA:20,3
DA:21,3
DA:22,1
DA:23,1
LF:23
LH:23
BRDA:1,0,0,3
BRDA:4,1,0,21
BRDA:7,2,0,18
BRDA:10,3,0,5
BRDA:12,4,0,13
BRF:5
BRH:5
end_of_record
TN:
SF:5.Analyze Array/analyzeArray.js
FN:1,analyzeArray
FN:3,avg
FN:7,min
FN:10,max
FN:13,len
FNF:5
FNH:5
FNDA:1,analyzeArray
FNDA:1,avg
FNDA:1,min
FNDA:1,max
FNDA:1,len
DA:1,1
DA:2,1
DA:3,1
DA:4,1
DA:5,1
DA:6,1
DA:7,1
DA:8,1
DA:9,1
DA:10,1
DA:11,1
DA:12,1
DA:13,1
DA:14,1
DA:15,1
DA:16,1
DA:17,1
DA:18,1
DA:19,1
LF:19
LH:19
BRDA:1,0,0,1
BRDA:3,1,0,1
BRDA:4,2,0,6
BRDA:7,3,0,1
BRDA:10,4,0,1
BRDA:13,5,0,1
BRF:6
BRH:6
end_of_record
